<!DOCTYPE html>
<html>
<head>
<meta http-equiv="Content-Type" content="text/html; charset=utf-8"/>
<meta http-equiv="x-ua-compatible" content="IE=edge"/>
<title>Test results - PurchaseRunner</title>
<link href="../css/base-style.css" rel="stylesheet" type="text/css"/>
<link href="../css/style.css" rel="stylesheet" type="text/css"/>
<script src="../js/report.js" type="text/javascript"></script>
</head>
<body>
<div id="content">
<h1>PurchaseRunner</h1>
<div class="breadcrumbs">
<a href="../index.html">all</a> &gt; 
<a href="../packages/com.reto.runners.html">com.reto.runners</a> &gt; PurchaseRunner</div>
<div id="summary">
<table>
<tr>
<td>
<div class="summaryGroup">
<table>
<tr>
<td>
<div class="infoBox" id="tests">
<div class="counter">2</div>
<p>tests</p>
</div>
</td>
<td>
<div class="infoBox" id="failures">
<div class="counter">2</div>
<p>failures</p>
</div>
</td>
<td>
<div class="infoBox" id="ignored">
<div class="counter">0</div>
<p>ignored</p>
</div>
</td>
<td>
<div class="infoBox" id="duration">
<div class="counter">13.496s</div>
<p>duration</p>
</div>
</td>
</tr>
</table>
</div>
</td>
<td>
<div class="infoBox failures" id="successRate">
<div class="percent">0%</div>
<p>successful</p>
</div>
</td>
</tr>
</table>
</div>
<div id="tabs">
<ul class="tabLinks">
<li>
<a href="#tab0">Failed tests</a>
</li>
<li>
<a href="#tab1">Tests</a>
</li>
<li>
<a href="#tab2">Standard output</a>
</li>
<li>
<a href="#tab3">Standard error</a>
</li>
</ul>
<div id="tab0" class="tab">
<h2>Failed tests</h2>
<div class="test">
<a name="log in to the page #1"></a>
<h3 class="failures">log in to the page #1</h3>
<span class="code">
<pre>java.lang.IllegalArgumentException: Could not find a matching constructor for class class com.reto.tasks.SendPurchase with parameters [without a]
	at net.thucydides.core.steps.StepFactory.argumentTypesFrom(StepFactory.java:307)
	at net.thucydides.core.steps.StepFactory.immutableStepLibrary(StepFactory.java:295)
	at net.thucydides.core.steps.StepFactory.createProxyStepLibrary(StepFactory.java:251)
	at net.thucydides.core.steps.StepFactory.instantiateUniqueStepLibraryFor(StepFactory.java:219)
	at net.thucydides.core.steps.StepFactory.getUniqueStepLibraryFor(StepFactory.java:153)
	at net.serenitybdd.screenplay.Tasks.instrumented(Tasks.java:12)
	at com.reto.tasks.SendPurchase.format(SendPurchase.java:57)
	at com.reto.stepdefinitions.PurchaseStepDefinitions.checkTheOffersPageAndMakeAPurchaseCoupon(PurchaseStepDefinitions.java:12)
	at ✽.: check the offers page and make a purchase &quot;without a&quot; coupon(file:///C:/Users/epalacios/Desktop/Repos/Automation/WEB/Reto1/src/test/resources/features/purchase.feature:11)
</pre>
</span>
</div>
<div class="test">
<a name="log in to the page #2"></a>
<h3 class="failures">log in to the page #2</h3>
<span class="code">
<pre>java.lang.IllegalArgumentException: Could not find a matching constructor for class class com.reto.tasks.SendPurchase with parameters [without a]
	at com.reto.tasks.SendPurchase.format(SendPurchase.java:57)
	at com.reto.stepdefinitions.PurchaseStepDefinitions.checkTheOffersPageAndMakeAPurchaseCoupon(PurchaseStepDefinitions.java:12)
	at ✽.: check the offers page and make a purchase &quot;without a&quot; coupon(file:///C:/Users/epalacios/Desktop/Repos/Automation/WEB/Reto1/src/test/resources/features/purchase.feature:11)
	at ✽.: actor opens browser(file:///C:/Users/epalacios/Desktop/Repos/Automation/WEB/Reto1/src/test/resources/features/purchase.feature:15)
</pre>
</span>
</div>
</div>
<div id="tab1" class="tab">
<h2>Tests</h2>
<table>
<thead>
<tr>
<th>Test</th>
<th>Duration</th>
<th>Result</th>
</tr>
</thead>
<tr>
<td class="failures">log in to the page #1</td>
<td class="failures">9.143s</td>
<td class="failures">failed</td>
</tr>
<tr>
<td class="failures">log in to the page #2</td>
<td class="failures">4.353s</td>
<td class="failures">failed</td>
</tr>
</table>
</div>
<div id="tab2" class="tab">
<h2>Standard output</h2>
<span class="code">
<pre>?[92m|-- Given : actor opens browser?[0m
?[92m|---- Elkin opens the browser at https://automation-wappi.vercel.app/login?[0m
?[92m|-- When : I send the username and password?[0m
?[92m|---- Elkin send loggin?[0m
?[92m|------ Elkin enters 'kfcudgt16354673' into USER?[0m
?[92m|------ Elkin enters '05299540371' into PASWORD?[0m
?[92m|------ Elkin clicks on GET_INTO?[0m
?[92m|-- Then : check the offers page and make a purchase &quot;without a&quot; coupon?[0m
?[92m|---- Given : actor opens browser?[0m
?[92m|------ Elkin opens the browser at https://automation-wappi.vercel.app/login?[0m
?[92m|------ When : I send the username and password?[0m
?[92m|------ Then : check the offers page and make a purchase &quot;with&quot; coupon?[0m
</pre>
</span>
</div>
<div id="tab3" class="tab">
<h2>Standard error</h2>
<span class="code">
<pre>Starting ChromeDriver 107.0.5304.62 (1eec40d3a5764881c92085aaee66d25075c159aa-refs/branch-heads/5304@{#942}) on port 60834
Only local connections are allowed.
Please see https://chromedriver.chromium.org/security-considerations for suggestions on keeping ChromeDriver safe.
ChromeDriver was started successfully.
dic 05, 2022 5:09:26 PM org.openqa.selenium.remote.ProtocolHandshake createSession
INFORMACIÓN: Detected dialect: W3C
dic 05, 2022 5:09:26 PM org.openqa.selenium.devtools.CdpVersionFinder findNearestMatch
ADVERTENCIA: Unable to find an exact match for CDP version 107, so returning the closest version found: a no-op implementation
dic 05, 2022 5:09:26 PM org.openqa.selenium.devtools.CdpVersionFinder findNearestMatch
INFORMACIÓN: Unable to find CDP implementation matching 107.
dic 05, 2022 5:09:26 PM org.openqa.selenium.chromium.ChromiumDriver lambda$new$3
ADVERTENCIA: Unable to find version of CDP to use for . You may need to include a dependency on a specific version of the CDP using something similar to `org.seleniumhq.selenium:selenium-devtools-v86:4.1.4` where the version (&quot;v86&quot;) matches the version of the chromium-based browser you're using and the version number of the artifact is the same as Selenium's.
Starting ChromeDriver 107.0.5304.62 (1eec40d3a5764881c92085aaee66d25075c159aa-refs/branch-heads/5304@{#942}) on port 63092
Only local connections are allowed.
Please see https://chromedriver.chromium.org/security-considerations for suggestions on keeping ChromeDriver safe.
ChromeDriver was started successfully.
dic 05, 2022 5:09:32 PM org.openqa.selenium.remote.ProtocolHandshake createSession
INFORMACIÓN: Detected dialect: W3C
dic 05, 2022 5:09:32 PM org.openqa.selenium.devtools.CdpVersionFinder findNearestMatch
ADVERTENCIA: Unable to find an exact match for CDP version 107, so returning the closest version found: a no-op implementation
dic 05, 2022 5:09:32 PM org.openqa.selenium.devtools.CdpVersionFinder findNearestMatch
INFORMACIÓN: Unable to find CDP implementation matching 107.
dic 05, 2022 5:09:32 PM org.openqa.selenium.chromium.ChromiumDriver lambda$new$3
ADVERTENCIA: Unable to find version of CDP to use for . You may need to include a dependency on a specific version of the CDP using something similar to `org.seleniumhq.selenium:selenium-devtools-v86:4.1.4` where the version (&quot;v86&quot;) matches the version of the chromium-based browser you're using and the version number of the artifact is the same as Selenium's.
?[32m?[1m??????????????????????????????????????????????????????????????????????????????????????[0m
?[32m?[1m??[0m Share your Cucumber Report with your team at ?[36m?[1m?[4mhttps://reports.cucumber.io?[0m          ?[32m?[1m??[0m
?[32m?[1m??[0m Activate publishing with one of the following:                                    ?[32m?[1m??[0m
?[32m?[1m??[0m                                                                                   ?[32m?[1m??[0m
?[32m?[1m??[0m src/test/resources/cucumber.properties:          ?[36mcucumber.publish.enabled?[0m=?[36mtrue?[0m    ?[32m?[1m??[0m
?[32m?[1m??[0m src/test/resources/junit-platform.properties:    ?[36mcucumber.publish.enabled?[0m=?[36mtrue?[0m    ?[32m?[1m??[0m
?[32m?[1m??[0m Environment variable:                            ?[36mCUCUMBER_PUBLISH_ENABLED?[0m=?[36mtrue?[0m    ?[32m?[1m??[0m
?[32m?[1m??[0m JUnit:                                           ?[36m@CucumberOptions?[0m(publish = ?[36mtrue?[0m) ?[32m?[1m??[0m
?[32m?[1m??[0m                                                                                   ?[32m?[1m??[0m
?[32m?[1m??[0m More information at ?[36mhttps://cucumber.io/docs/cucumber/environment-variables/?[0m      ?[32m?[1m??[0m
?[32m?[1m??[0m                                                                                   ?[32m?[1m??[0m
?[32m?[1m??[0m Disable this message with one of the following:                                   ?[32m?[1m??[0m
?[32m?[1m??[0m                                                                                   ?[32m?[1m??[0m
?[32m?[1m??[0m src/test/resources/cucumber.properties:          ?[36mcucumber.publish.quiet?[0m=?[36mtrue?[0m      ?[32m?[1m??[0m
?[32m?[1m??[0m src/test/resources/junit-platform.properties:    ?[36mcucumber.publish.quiet?[0m=?[36mtrue?[0m      ?[32m?[1m??[0m
?[32m?[1m??????????????????????????????????????????????????????????????????????????????????????[0m
</pre>
</span>
</div>
</div>
<div id="footer">
<p>
<div>
<label class="hidden" id="label-for-line-wrapping-toggle" for="line-wrapping-toggle">Wrap lines
<input id="line-wrapping-toggle" type="checkbox" autocomplete="off"/>
</label>
</div>Generated by 
<a href="http://www.gradle.org">Gradle 7.1</a> at 05-dic-2022 17:09:37</p>
</div>
</div>
</body>
</html>
